0 info it worked if it ends with ok
1 verbose cli [ '/usr/local/bin/node',
1 verbose cli   '/usr/local/bin/npm',
1 verbose cli   'i',
1 verbose cli   'entry-wrap-webpack-plugin' ]
2 info using npm@3.10.8
3 info using node@v6.9.0
4 silly loadCurrentTree Starting
5 silly install loadCurrentTree
6 silly install readLocalPackageData
7 silly fetchPackageMetaData entry-wrap-webpack-plugin
8 silly fetchNamedPackageData entry-wrap-webpack-plugin
9 silly mapToRegistry name entry-wrap-webpack-plugin
10 silly mapToRegistry using default registry
11 silly mapToRegistry registry https://registry.npmjs.org/
12 silly mapToRegistry data Result {
12 silly mapToRegistry   raw: 'entry-wrap-webpack-plugin',
12 silly mapToRegistry   scope: null,
12 silly mapToRegistry   escapedName: 'entry-wrap-webpack-plugin',
12 silly mapToRegistry   name: 'entry-wrap-webpack-plugin',
12 silly mapToRegistry   rawSpec: '',
12 silly mapToRegistry   spec: 'latest',
12 silly mapToRegistry   type: 'tag' }
13 silly mapToRegistry uri https://registry.npmjs.org/entry-wrap-webpack-plugin
14 verbose request uri https://registry.npmjs.org/entry-wrap-webpack-plugin
15 verbose request no auth needed
16 info attempt registry request try #1 at 6:21:07 PM
17 verbose request id d71b8b01a46bfbbb
18 http request GET https://registry.npmjs.org/entry-wrap-webpack-plugin
19 http 200 https://registry.npmjs.org/entry-wrap-webpack-plugin
20 verbose headers { server: 'nginx/1.10.1',
20 verbose headers   'content-type': 'application/json',
20 verbose headers   'last-modified': 'Thu, 17 Mar 2016 22:12:03 GMT',
20 verbose headers   etag: 'W/"56eb2bb3-b46"',
20 verbose headers   'content-encoding': 'gzip',
20 verbose headers   'cache-control': 'max-age=300',
20 verbose headers   'content-length': '1254',
20 verbose headers   'accept-ranges': 'bytes',
20 verbose headers   date: 'Mon, 03 Apr 2017 16:21:08 GMT',
20 verbose headers   via: '1.1 varnish',
20 verbose headers   age: '0',
20 verbose headers   connection: 'keep-alive',
20 verbose headers   'x-served-by': 'cache-ams4428-AMS',
20 verbose headers   'x-cache': 'MISS',
20 verbose headers   'x-cache-hits': '0',
20 verbose headers   'x-timer': 'S1491236468.085407,VS0,VE7',
20 verbose headers   vary: 'Accept-Encoding' }
21 silly get cb [ 200,
21 silly get   { server: 'nginx/1.10.1',
21 silly get     'content-type': 'application/json',
21 silly get     'last-modified': 'Thu, 17 Mar 2016 22:12:03 GMT',
21 silly get     etag: 'W/"56eb2bb3-b46"',
21 silly get     'content-encoding': 'gzip',
21 silly get     'cache-control': 'max-age=300',
21 silly get     'content-length': '1254',
21 silly get     'accept-ranges': 'bytes',
21 silly get     date: 'Mon, 03 Apr 2017 16:21:08 GMT',
21 silly get     via: '1.1 varnish',
21 silly get     age: '0',
21 silly get     connection: 'keep-alive',
21 silly get     'x-served-by': 'cache-ams4428-AMS',
21 silly get     'x-cache': 'MISS',
21 silly get     'x-cache-hits': '0',
21 silly get     'x-timer': 'S1491236468.085407,VS0,VE7',
21 silly get     vary: 'Accept-Encoding' } ]
22 verbose get saving entry-wrap-webpack-plugin to /Users/vvolek/.npm/registry.npmjs.org/entry-wrap-webpack-plugin/.cache.json
23 verbose correctMkdir /Users/vvolek/.npm correctMkdir not in flight; initializing
24 silly install normalizeTree
25 silly loadCurrentTree Finishing
26 silly loadIdealTree Starting
27 silly install loadIdealTree
28 silly cloneCurrentTree Starting
29 silly install cloneCurrentTreeToIdealTree
30 silly cloneCurrentTree Finishing
31 silly loadShrinkwrap Starting
32 silly install loadShrinkwrap
33 silly loadShrinkwrap Finishing
34 silly loadAllDepsIntoIdealTree Starting
35 silly install loadAllDepsIntoIdealTree
36 silly rollbackFailedOptional Starting
37 silly rollbackFailedOptional Finishing
38 silly runTopLevelLifecycles Finishing
39 silly install printInstalled
40 verbose stack Error: Refusing to install entry-wrap-webpack-plugin as a dependency of itself
40 verbose stack     at checkSelf (/usr/local/lib/node_modules/npm/lib/install/validate-args.js:53:14)
40 verbose stack     at Array.<anonymous> (/usr/local/lib/node_modules/npm/node_modules/slide/lib/bind-actor.js:15:8)
40 verbose stack     at LOOP (/usr/local/lib/node_modules/npm/node_modules/slide/lib/chain.js:15:14)
40 verbose stack     at chain (/usr/local/lib/node_modules/npm/node_modules/slide/lib/chain.js:20:5)
40 verbose stack     at /usr/local/lib/node_modules/npm/lib/install/validate-args.js:16:5
40 verbose stack     at /usr/local/lib/node_modules/npm/node_modules/slide/lib/async-map.js:52:35
40 verbose stack     at Array.forEach (native)
40 verbose stack     at /usr/local/lib/node_modules/npm/node_modules/slide/lib/async-map.js:52:11
40 verbose stack     at Array.forEach (native)
40 verbose stack     at asyncMap (/usr/local/lib/node_modules/npm/node_modules/slide/lib/async-map.js:51:8)
41 verbose cwd /Users/vvolek/github/entry-wrap-webpack-plugin
42 error Darwin 16.5.0
43 error argv "/usr/local/bin/node" "/usr/local/bin/npm" "i" "entry-wrap-webpack-plugin"
44 error node v6.9.0
45 error npm  v3.10.8
46 error code ENOSELF
47 error Refusing to install entry-wrap-webpack-plugin as a dependency of itself
48 error If you need help, you may report this error at:
48 error     <https://github.com/npm/npm/issues>
49 verbose exit [ 1, true ]
